[2026-06-01T10:50:42+00:00] Test <info@marcusreiser.de>
Dies ist ein Test für die Sicherheit
----
[2026-06-01T11:03:15+00:00] Huber <marcusreiser15@gmail.com>
Test Nachricht um einen reibungslosen Email Verlauf zu haben
----
[2026-06-01T11:16:19+00:00] Huber Franz <marcusreiser15@gmail.com>
TEST .............................................
----
[2026-06-01T11:20:03+00:00] Huber Franz <marcusreiser15@gmail.com>
Test................................................
----
[2026-06-01T11:24:13+00:00] Huber Franz <marcusreiser15@gmail.com>
Test.........................................
----
[2026-06-01T11:25:58+00:00] Huber Franz <marcusreiser15@gmail.com>
Test................................................
----
[2026-06-01T12:40:00+00:00] Huber Franz <marcusreiser15@gmail.com>
Test...............................................................
----
[2026-06-01T12:43:53+00:00] Huber Franz <marcusreiser15@gmail.com>
Test................................................
----
[2026-06-01T12:47:42+00:00] Huber Franz <marcusreiser15@gmail.com>
Test...................................
----
[2026-06-01T12:53:56+00:00] Hugendubel <marcusreiser15@gmail.com>
Test..........................................................
----
[2026-06-01T19:39:23+00:00] Muber Max <marcusreiser15@gmail.com>
Test.................................
----
[2026-06-01T20:04:08+00:00] Muber Max <marcusreiser15@gmail.com>
Test........................................
----
[2026-06-01T20:15:05+00:00] Müller Hans <marcusreiser15@gmail.com>
Test...............................................
----
[2026-06-01T20:28:49+00:00] Muter Frau <marcusreiser15@gmail.com>
Test..........................................
----
[2026-06-01T20:41:00+00:00] Maier Huber <marcusreiser15@gmail.com>
Test..................................
----
[2026-06-01T21:01:27+00:00] Marcus <marcusreiser15@gmail.com>
Test......................................
----
[2026-06-01T21:02:08+00:00] Marcus Reiser <marcusreiser15@gmail.com>
Test..............................
----
[2026-06-01T21:09:24+00:00] Marcus Reiser <marcusreiser15@gmail.com>
Test.............................
----
[2026-06-01T21:46:21+00:00] Marcus Reiser <marcusreiser15@gmail.com>
Test.....................................................
----
[2026-06-01T21:56:50+00:00] Muber Max <marcusreiser15@gmail.com>
Jetzt muß es gehen!!
----
[2026-06-01T21:59:22+00:00] Franz Übersee <marcusreiser15@gmail.com>
Jetzt aber!!!!! Schnell ins Bett!!!!
----
[2026-06-01T22:02:36+00:00] Mutter <marcusreiser15@gmail.com>
Immer noch nicht..........................
----
[2026-06-03T17:57:26+00:00] Fix Test <f**@example.com>
Diese Testnachricht ist lang genug fuer den Kontaktformular-Test.
----
[2026-06-03T17:57:39+00:00] Fix Test <f**@example.com>
Diese Testnachricht ist lang genug fuer den Kontaktformular-Test.
----
[2026-06-03T17:57:59+00:00] Huber Franz <m*************@gmail.com>
Test.................................
----
[2026-06-03T18:01:17+00:00] Mail Check <m********@example.com>
Dies ist ein Funktionscheck nach der Mail-Anpassung mit ausreichender Laenge.
----
[2026-06-03T18:04:28+00:00] Muber Max <m*************@gmail.com>
Test....................................
----
[2026-06-03T18:42:42+00:00] Marcus Reiser <m*************@gmail.com>
Test........................................
----
[2026-06-03T18:43:59+00:00] Marcus Reiser <m*************@gmail.com>
Test.............................................
----
[2026-06-03T18:47:18+00:00] Muster <m*************@gmail.com>
Test...................................
----
[2026-06-03T18:52:30+00:00] Hans Meier <m*************@gmail.com>
Dies ein neuer Test der nict aus Punkten besteht
----
[2026-06-03T18:55:33+00:00] Deliverability Test <m*************@gmail.com>
Dies ist ein kurzer Zustellbarkeits-Test nach Header-Anpassung.
----
[2026-06-03T18:56:44+00:00] Susi Miitenbach <m*************@gmail.com>
Test Nachricht Test Nachricht Test Nachricht Test Nachricht Test Nachricht
----
[2026-06-03T19:45:49+00:00] Huber Franz <m*************@gmail.com>
Guten Tag Herr Reiser,
gerne würden wir ein kurzes Kennenlerngespräch vereinbaren.
Sind bei Ihnen kommende Woche vormittags Termine möglich?
Freundliche Grüße
Sabine Hoffmann
----
[2026-06-03T20:45:14+00:00] Release Check <m*************@gmail.com>
Dies ist ein technischer Release-Check vor dem Upload.
----
